[GIN-debug] [WARNING] Creating an Engine instance with the Logger and Recovery middleware already attached.

[GIN-debug] [WARNING] Running in "debug" mode. Switch to "release" mode in production.
 - using env:	export GIN_MODE=release
 - using code:	gin.SetMode(gin.ReleaseMode)

[GIN-debug] GET    /ping                     --> coinkeeper/pkg/controllers.PingPong (3 handlers)
[GIN-debug] GET    /users                    --> coinkeeper/pkg/controllers.GetAllUsers (3 handlers)
[GIN-debug] GET    /users/:id                --> coinkeeper/pkg/controllers.GetUserByID (3 handlers)
[GIN-debug] POST   /users                    --> coinkeeper/pkg/controllers.CreateUser (3 handlers)
[GIN-debug] PUT    /users/:id                --> github.com/gin-gonic/gin.CustomRecoveryWithWriter.func1 (2 handlers)
[GIN-debug] DELETE /users/:id                --> github.com/gin-gonic/gin.CustomRecoveryWithWriter.func1 (2 handlers)
[GIN-debug] PATCH  /users/:id                --> github.com/gin-gonic/gin.CustomRecoveryWithWriter.func1 (2 handlers)
[GIN-debug] GET    /operations               --> github.com/gin-gonic/gin.CustomRecoveryWithWriter.func1 (2 handlers)
[GIN-debug] POST   /operations               --> github.com/gin-gonic/gin.CustomRecoveryWithWriter.func1 (2 handlers)
[GIN-debug] GET    /operations/:id           --> github.com/gin-gonic/gin.CustomRecoveryWithWriter.func1 (2 handlers)
[GIN-debug] PUT    /operations/:id           --> github.com/gin-gonic/gin.CustomRecoveryWithWriter.func1 (2 handlers)
[GIN-debug] DELETE /operations/:id           --> github.com/gin-gonic/gin.CustomRecoveryWithWriter.func1 (2 handlers)
[GIN-debug] GET    /operation-types          --> github.com/gin-gonic/gin.CustomRecoveryWithWriter.func1 (2 handlers)
[GIN-debug] POST   /operation-types          --> github.com/gin-gonic/gin.CustomRecoveryWithWriter.func1 (2 handlers)
[GIN-debug] GET    /operation-types/:id      --> github.com/gin-gonic/gin.CustomRecoveryWithWriter.func1 (2 handlers)
[GIN-debug] PUT    /operation-types/:id      --> github.com/gin-gonic/gin.CustomRecoveryWithWriter.func1 (2 handlers)
[GIN-debug] DELETE /operation-types/:id      --> github.com/gin-gonic/gin.CustomRecoveryWithWriter.func1 (2 handlers)
[GIN-debug] GET    /operation-categories     --> github.com/gin-gonic/gin.CustomRecoveryWithWriter.func1 (2 handlers)
[GIN-debug] POST   /operation-categories     --> github.com/gin-gonic/gin.CustomRecoveryWithWriter.func1 (2 handlers)
[GIN-debug] GET    /operation-categories/:id --> github.com/gin-gonic/gin.CustomRecoveryWithWriter.func1 (2 handlers)
[GIN-debug] PUT    /operation-categories/:id --> github.com/gin-gonic/gin.CustomRecoveryWithWriter.func1 (2 handlers)
[GIN-debug] DELETE /operation-categories/:id --> github.com/gin-gonic/gin.CustomRecoveryWithWriter.func1 (2 handlers)
[GIN-debug] [WARNING] You trusted all proxies, this is NOT safe. We recommend you to set a value.
Please check https://pkg.go.dev/github.com/gin-gonic/gin#readme-don-t-trust-all-proxies for details.
[GIN-debug] Listening and serving HTTP on :8181
[GIN-debug] [WARNING] Creating an Engine instance with the Logger and Recovery middleware already attached.

[GIN-debug] [WARNING] Running in "debug" mode. Switch to "release" mode in production.
 - using env:	export GIN_MODE=release
 - using code:	gin.SetMode(gin.ReleaseMode)

[GIN-debug] GET    /ping                     --> coinkeeper/pkg/controllers.PingPong (3 handlers)
[GIN-debug] GET    /users                    --> coinkeeper/pkg/controllers.GetAllUsers (3 handlers)
[GIN-debug] GET    /users/:id                --> coinkeeper/pkg/controllers.GetUserByID (3 handlers)
[GIN-debug] POST   /users                    --> coinkeeper/pkg/controllers.CreateUser (3 handlers)
[GIN-debug] PUT    /users/:id                --> github.com/gin-gonic/gin.CustomRecoveryWithWriter.func1 (2 handlers)
[GIN-debug] DELETE /users/:id                --> github.com/gin-gonic/gin.CustomRecoveryWithWriter.func1 (2 handlers)
[GIN-debug] PATCH  /users/:id                --> github.com/gin-gonic/gin.CustomRecoveryWithWriter.func1 (2 handlers)
[GIN-debug] GET    /operations               --> github.com/gin-gonic/gin.CustomRecoveryWithWriter.func1 (2 handlers)
[GIN-debug] POST   /operations               --> github.com/gin-gonic/gin.CustomRecoveryWithWriter.func1 (2 handlers)
[GIN-debug] GET    /operations/:id           --> github.com/gin-gonic/gin.CustomRecoveryWithWriter.func1 (2 handlers)
[GIN-debug] PUT    /operations/:id           --> github.com/gin-gonic/gin.CustomRecoveryWithWriter.func1 (2 handlers)
[GIN-debug] DELETE /operations/:id           --> github.com/gin-gonic/gin.CustomRecoveryWithWriter.func1 (2 handlers)
[GIN-debug] GET    /operation-types          --> github.com/gin-gonic/gin.CustomRecoveryWithWriter.func1 (2 handlers)
[GIN-debug] POST   /operation-types          --> github.com/gin-gonic/gin.CustomRecoveryWithWriter.func1 (2 handlers)
[GIN-debug] GET    /operation-types/:id      --> github.com/gin-gonic/gin.CustomRecoveryWithWriter.func1 (2 handlers)
[GIN-debug] PUT    /operation-types/:id      --> github.com/gin-gonic/gin.CustomRecoveryWithWriter.func1 (2 handlers)
[GIN-debug] DELETE /operation-types/:id      --> github.com/gin-gonic/gin.CustomRecoveryWithWriter.func1 (2 handlers)
[GIN-debug] GET    /operation-categories     --> github.com/gin-gonic/gin.CustomRecoveryWithWriter.func1 (2 handlers)
[GIN-debug] POST   /operation-categories     --> github.com/gin-gonic/gin.CustomRecoveryWithWriter.func1 (2 handlers)
[GIN-debug] GET    /operation-categories/:id --> github.com/gin-gonic/gin.CustomRecoveryWithWriter.func1 (2 handlers)
[GIN-debug] PUT    /operation-categories/:id --> github.com/gin-gonic/gin.CustomRecoveryWithWriter.func1 (2 handlers)
[GIN-debug] DELETE /operation-categories/:id --> github.com/gin-gonic/gin.CustomRecoveryWithWriter.func1 (2 handlers)
[GIN-debug] [WARNING] You trusted all proxies, this is NOT safe. We recommend you to set a value.
Please check https://pkg.go.dev/github.com/gin-gonic/gin#readme-don-t-trust-all-proxies for details.
[GIN-debug] Listening and serving HTTP on :8181
[GIN-debug] [WARNING] Creating an Engine instance with the Logger and Recovery middleware already attached.

[GIN-debug] [WARNING] Running in "debug" mode. Switch to "release" mode in production.
 - using env:	export GIN_MODE=release
 - using code:	gin.SetMode(gin.ReleaseMode)

[GIN-debug] GET    /ping                     --> coinkeeper/pkg/controllers.PingPong (3 handlers)
[GIN-debug] GET    /users                    --> coinkeeper/pkg/controllers.GetAllUsers (3 handlers)
[GIN-debug] GET    /users/:id                --> coinkeeper/pkg/controllers.GetUserByID (3 handlers)
[GIN-debug] POST   /users                    --> coinkeeper/pkg/controllers.CreateUser (3 handlers)
[GIN-debug] PUT    /users/:id                --> github.com/gin-gonic/gin.CustomRecoveryWithWriter.func1 (2 handlers)
[GIN-debug] DELETE /users/:id                --> github.com/gin-gonic/gin.CustomRecoveryWithWriter.func1 (2 handlers)
[GIN-debug] PATCH  /users/:id                --> github.com/gin-gonic/gin.CustomRecoveryWithWriter.func1 (2 handlers)
[GIN-debug] GET    /operations               --> github.com/gin-gonic/gin.CustomRecoveryWithWriter.func1 (2 handlers)
[GIN-debug] POST   /operations               --> github.com/gin-gonic/gin.CustomRecoveryWithWriter.func1 (2 handlers)
[GIN-debug] GET    /operations/:id           --> github.com/gin-gonic/gin.CustomRecoveryWithWriter.func1 (2 handlers)
[GIN-debug] PUT    /operations/:id           --> github.com/gin-gonic/gin.CustomRecoveryWithWriter.func1 (2 handlers)
[GIN-debug] DELETE /operations/:id           --> github.com/gin-gonic/gin.CustomRecoveryWithWriter.func1 (2 handlers)
[GIN-debug] GET    /operation-types          --> github.com/gin-gonic/gin.CustomRecoveryWithWriter.func1 (2 handlers)
[GIN-debug] POST   /operation-types          --> github.com/gin-gonic/gin.CustomRecoveryWithWriter.func1 (2 handlers)
[GIN-debug] GET    /operation-types/:id      --> github.com/gin-gonic/gin.CustomRecoveryWithWriter.func1 (2 handlers)
[GIN-debug] PUT    /operation-types/:id      --> github.com/gin-gonic/gin.CustomRecoveryWithWriter.func1 (2 handlers)
[GIN-debug] DELETE /operation-types/:id      --> github.com/gin-gonic/gin.CustomRecoveryWithWriter.func1 (2 handlers)
[GIN-debug] GET    /operation-categories     --> github.com/gin-gonic/gin.CustomRecoveryWithWriter.func1 (2 handlers)
[GIN-debug] POST   /operation-categories     --> github.com/gin-gonic/gin.CustomRecoveryWithWriter.func1 (2 handlers)
[GIN-debug] GET    /operation-categories/:id --> github.com/gin-gonic/gin.CustomRecoveryWithWriter.func1 (2 handlers)
[GIN-debug] PUT    /operation-categories/:id --> github.com/gin-gonic/gin.CustomRecoveryWithWriter.func1 (2 handlers)
[GIN-debug] DELETE /operation-categories/:id --> github.com/gin-gonic/gin.CustomRecoveryWithWriter.func1 (2 handlers)
[GIN-debug] [WARNING] You trusted all proxies, this is NOT safe. We recommend you to set a value.
Please check https://pkg.go.dev/github.com/gin-gonic/gin#readme-don-t-trust-all-proxies for details.
[GIN-debug] Listening and serving HTTP on :8181
[GIN-debug] [WARNING] Creating an Engine instance with the Logger and Recovery middleware already attached.

[GIN-debug] [WARNING] Running in "debug" mode. Switch to "release" mode in production.
 - using env:	export GIN_MODE=release
 - using code:	gin.SetMode(gin.ReleaseMode)

[GIN-debug] GET    /ping                     --> coinkeeper/pkg/controllers.PingPong (3 handlers)
[GIN-debug] GET    /users                    --> coinkeeper/pkg/controllers.GetAllUsers (3 handlers)
[GIN-debug] GET    /users/:id                --> coinkeeper/pkg/controllers.GetUserByID (3 handlers)
[GIN-debug] POST   /users                    --> coinkeeper/pkg/controllers.CreateUser (3 handlers)
[GIN-debug] PUT    /users/:id                --> coinkeeper/pkg/controllers.UpdateUser (3 handlers)
[GIN-debug] DELETE /users/:id                --> github.com/gin-gonic/gin.CustomRecoveryWithWriter.func1 (2 handlers)
[GIN-debug] PATCH  /users/:id                --> github.com/gin-gonic/gin.CustomRecoveryWithWriter.func1 (2 handlers)
[GIN-debug] GET    /operations               --> github.com/gin-gonic/gin.CustomRecoveryWithWriter.func1 (2 handlers)
[GIN-debug] POST   /operations               --> github.com/gin-gonic/gin.CustomRecoveryWithWriter.func1 (2 handlers)
[GIN-debug] GET    /operations/:id           --> github.com/gin-gonic/gin.CustomRecoveryWithWriter.func1 (2 handlers)
[GIN-debug] PUT    /operations/:id           --> github.com/gin-gonic/gin.CustomRecoveryWithWriter.func1 (2 handlers)
[GIN-debug] DELETE /operations/:id           --> github.com/gin-gonic/gin.CustomRecoveryWithWriter.func1 (2 handlers)
[GIN-debug] GET    /operation-types          --> github.com/gin-gonic/gin.CustomRecoveryWithWriter.func1 (2 handlers)
[GIN-debug] POST   /operation-types          --> github.com/gin-gonic/gin.CustomRecoveryWithWriter.func1 (2 handlers)
[GIN-debug] GET    /operation-types/:id      --> github.com/gin-gonic/gin.CustomRecoveryWithWriter.func1 (2 handlers)
[GIN-debug] PUT    /operation-types/:id      --> github.com/gin-gonic/gin.CustomRecoveryWithWriter.func1 (2 handlers)
[GIN-debug] DELETE /operation-types/:id      --> github.com/gin-gonic/gin.CustomRecoveryWithWriter.func1 (2 handlers)
[GIN-debug] GET    /operation-categories     --> github.com/gin-gonic/gin.CustomRecoveryWithWriter.func1 (2 handlers)
[GIN-debug] POST   /operation-categories     --> github.com/gin-gonic/gin.CustomRecoveryWithWriter.func1 (2 handlers)
[GIN-debug] GET    /operation-categories/:id --> github.com/gin-gonic/gin.CustomRecoveryWithWriter.func1 (2 handlers)
[GIN-debug] PUT    /operation-categories/:id --> github.com/gin-gonic/gin.CustomRecoveryWithWriter.func1 (2 handlers)
[GIN-debug] DELETE /operation-categories/:id --> github.com/gin-gonic/gin.CustomRecoveryWithWriter.func1 (2 handlers)
[GIN-debug] [WARNING] You trusted all proxies, this is NOT safe. We recommend you to set a value.
Please check https://pkg.go.dev/github.com/gin-gonic/gin#readme-don-t-trust-all-proxies for details.
[GIN-debug] Listening and serving HTTP on :8181
[GIN] 2024/08/19 - 18:24:06 | 404 |         792ns |             ::1 | GET      "/tasks?is_done=true"
2024/08/19 18:24:12.823785 Client with ip: [::1] requested list of users
2024/08/19 18:24:12.839554 Client with ip: [::1] got list of users
[GIN] 2024/08/19 - 18:24:12 | 200 |   15.862833ms |             ::1 | GET      "/users"
[GIN] 2024/08/19 - 18:25:05 | 200 |         374µs |             ::1 | PUT      "/users/1"
[GIN-debug] [WARNING] Creating an Engine instance with the Logger and Recovery middleware already attached.

[GIN-debug] [WARNING] Running in "debug" mode. Switch to "release" mode in production.
 - using env:	export GIN_MODE=release
 - using code:	gin.SetMode(gin.ReleaseMode)

[GIN-debug] GET    /ping                     --> coinkeeper/pkg/controllers.PingPong (3 handlers)
[GIN-debug] GET    /users                    --> coinkeeper/pkg/controllers.GetAllUsers (3 handlers)
[GIN-debug] GET    /users/:id                --> coinkeeper/pkg/controllers.GetUserByID (3 handlers)
[GIN-debug] POST   /users                    --> coinkeeper/pkg/controllers.CreateUser (3 handlers)
[GIN-debug] PUT    /users/:id                --> coinkeeper/pkg/controllers.UpdateUser (3 handlers)
[GIN-debug] DELETE /users/:id                --> github.com/gin-gonic/gin.CustomRecoveryWithWriter.func1 (2 handlers)
[GIN-debug] PATCH  /users/:id                --> github.com/gin-gonic/gin.CustomRecoveryWithWriter.func1 (2 handlers)
[GIN-debug] GET    /operations               --> github.com/gin-gonic/gin.CustomRecoveryWithWriter.func1 (2 handlers)
[GIN-debug] POST   /operations               --> github.com/gin-gonic/gin.CustomRecoveryWithWriter.func1 (2 handlers)
[GIN-debug] GET    /operations/:id           --> github.com/gin-gonic/gin.CustomRecoveryWithWriter.func1 (2 handlers)
[GIN-debug] PUT    /operations/:id           --> github.com/gin-gonic/gin.CustomRecoveryWithWriter.func1 (2 handlers)
[GIN-debug] DELETE /operations/:id           --> github.com/gin-gonic/gin.CustomRecoveryWithWriter.func1 (2 handlers)
[GIN-debug] GET    /operation-types          --> github.com/gin-gonic/gin.CustomRecoveryWithWriter.func1 (2 handlers)
[GIN-debug] POST   /operation-types          --> github.com/gin-gonic/gin.CustomRecoveryWithWriter.func1 (2 handlers)
[GIN-debug] GET    /operation-types/:id      --> github.com/gin-gonic/gin.CustomRecoveryWithWriter.func1 (2 handlers)
[GIN-debug] PUT    /operation-types/:id      --> github.com/gin-gonic/gin.CustomRecoveryWithWriter.func1 (2 handlers)
[GIN-debug] DELETE /operation-types/:id      --> github.com/gin-gonic/gin.CustomRecoveryWithWriter.func1 (2 handlers)
[GIN-debug] GET    /operation-categories     --> github.com/gin-gonic/gin.CustomRecoveryWithWriter.func1 (2 handlers)
[GIN-debug] POST   /operation-categories     --> github.com/gin-gonic/gin.CustomRecoveryWithWriter.func1 (2 handlers)
[GIN-debug] GET    /operation-categories/:id --> github.com/gin-gonic/gin.CustomRecoveryWithWriter.func1 (2 handlers)
[GIN-debug] PUT    /operation-categories/:id --> github.com/gin-gonic/gin.CustomRecoveryWithWriter.func1 (2 handlers)
[GIN-debug] DELETE /operation-categories/:id --> github.com/gin-gonic/gin.CustomRecoveryWithWriter.func1 (2 handlers)
[GIN-debug] [WARNING] You trusted all proxies, this is NOT safe. We recommend you to set a value.
Please check https://pkg.go.dev/github.com/gin-gonic/gin#readme-don-t-trust-all-proxies for details.
[GIN-debug] Listening and serving HTTP on :8181
[GIN] 2024/08/19 - 18:26:41 | 200 |    1.978459ms |             ::1 | PUT      "/users/1"
[GIN] 2024/08/19 - 18:26:46 | 200 |      61.584µs |             ::1 | PUT      "/users/3"
[GIN] 2024/08/19 - 18:26:51 | 200 |      76.125µs |             ::1 | PUT      "/users/3"
[GIN] 2024/08/19 - 19:12:06 | 500 |   66.710417ms |             ::1 | POST     "/users"
[GIN-debug] [WARNING] Creating an Engine instance with the Logger and Recovery middleware already attached.

[GIN-debug] [WARNING] Running in "debug" mode. Switch to "release" mode in production.
 - using env:	export GIN_MODE=release
 - using code:	gin.SetMode(gin.ReleaseMode)

[GIN-debug] GET    /ping                     --> coinkeeper/pkg/controllers.PingPong (3 handlers)
[GIN-debug] POST   /auth/sign-up             --> coinkeeper/pkg/controllers.SignUp (3 handlers)
[GIN-debug] POST   /auth/sign-in             --> coinkeeper/pkg/controllers.SignIn (3 handlers)
[GIN-debug] GET    /users                    --> coinkeeper/pkg/controllers.GetAllUsers (3 handlers)
[GIN-debug] GET    /users/:id                --> coinkeeper/pkg/controllers.GetUserByID (3 handlers)
[GIN-debug] POST   /users                    --> coinkeeper/pkg/controllers.CreateUser (3 handlers)
[GIN-debug] PUT    /users/:id                --> coinkeeper/pkg/controllers.UpdateUser (3 handlers)
[GIN-debug] DELETE /users/:id                --> github.com/gin-gonic/gin.CustomRecoveryWithWriter.func1 (2 handlers)
[GIN-debug] PATCH  /users/:id                --> github.com/gin-gonic/gin.CustomRecoveryWithWriter.func1 (2 handlers)
[GIN-debug] GET    /operations               --> coinkeeper/pkg/controllers.checkUserAuthentication (3 handlers)
[GIN-debug] POST   /operations               --> coinkeeper/pkg/controllers.checkUserAuthentication (3 handlers)
[GIN-debug] GET    /operations/:id           --> coinkeeper/pkg/controllers.checkUserAuthentication (3 handlers)
[GIN-debug] PUT    /operations/:id           --> coinkeeper/pkg/controllers.checkUserAuthentication (3 handlers)
[GIN-debug] DELETE /operations/:id           --> coinkeeper/pkg/controllers.checkUserAuthentication (3 handlers)
[GIN-debug] GET    /operation-types          --> github.com/gin-gonic/gin.CustomRecoveryWithWriter.func1 (2 handlers)
[GIN-debug] POST   /operation-types          --> github.com/gin-gonic/gin.CustomRecoveryWithWriter.func1 (2 handlers)
[GIN-debug] GET    /operation-types/:id      --> github.com/gin-gonic/gin.CustomRecoveryWithWriter.func1 (2 handlers)
[GIN-debug] PUT    /operation-types/:id      --> github.com/gin-gonic/gin.CustomRecoveryWithWriter.func1 (2 handlers)
[GIN-debug] DELETE /operation-types/:id      --> github.com/gin-gonic/gin.CustomRecoveryWithWriter.func1 (2 handlers)
[GIN-debug] GET    /operation-categories     --> github.com/gin-gonic/gin.CustomRecoveryWithWriter.func1 (2 handlers)
[GIN-debug] POST   /operation-categories     --> github.com/gin-gonic/gin.CustomRecoveryWithWriter.func1 (2 handlers)
[GIN-debug] GET    /operation-categories/:id --> github.com/gin-gonic/gin.CustomRecoveryWithWriter.func1 (2 handlers)
[GIN-debug] PUT    /operation-categories/:id --> github.com/gin-gonic/gin.CustomRecoveryWithWriter.func1 (2 handlers)
[GIN-debug] DELETE /operation-categories/:id --> github.com/gin-gonic/gin.CustomRecoveryWithWriter.func1 (2 handlers)
[GIN-debug] [WARNING] You trusted all proxies, this is NOT safe. We recommend you to set a value.
Please check https://pkg.go.dev/github.com/gin-gonic/gin#readme-don-t-trust-all-proxies for details.
[GIN-debug] Listening and serving HTTP on :8181
[GIN] 2024/08/21 - 16:10:01 | 200 |     224.041µs |             ::1 | GET      "/ping"
[GIN] 2024/08/21 - 16:11:09 | 500 |   10.081625ms |             ::1 | POST     "/auth/sign-up"
[GIN] 2024/08/21 - 16:11:25 | 201 |    3.277334ms |             ::1 | POST     "/auth/sign-up"
[GIN] 2024/08/21 - 16:12:27 | 200 |     4.03625ms |             ::1 | POST     "/auth/sign-in"
[GIN] 2024/08/21 - 16:13:36 | 200 |     487.541µs |             ::1 | GET      "/operations"
[GIN-debug] [WARNING] Creating an Engine instance with the Logger and Recovery middleware already attached.

[GIN-debug] [WARNING] Running in "debug" mode. Switch to "release" mode in production.
 - using env:	export GIN_MODE=release
 - using code:	gin.SetMode(gin.ReleaseMode)

[GIN-debug] GET    /ping                     --> coinkeeper/pkg/controllers.PingPong (3 handlers)
[GIN-debug] POST   /auth/sign-up             --> coinkeeper/pkg/controllers.SignUp (3 handlers)
[GIN-debug] POST   /auth/sign-in             --> coinkeeper/pkg/controllers.SignIn (3 handlers)
[GIN-debug] GET    /users                    --> coinkeeper/pkg/controllers.GetAllUsers (3 handlers)
[GIN-debug] GET    /users/:id                --> coinkeeper/pkg/controllers.GetUserByID (3 handlers)
[GIN-debug] POST   /users                    --> coinkeeper/pkg/controllers.CreateUser (3 handlers)
[GIN-debug] PUT    /users/:id                --> coinkeeper/pkg/controllers.UpdateUser (3 handlers)
[GIN-debug] DELETE /users/:id                --> github.com/gin-gonic/gin.CustomRecoveryWithWriter.func1 (2 handlers)
[GIN-debug] PATCH  /users/:id                --> github.com/gin-gonic/gin.CustomRecoveryWithWriter.func1 (2 handlers)
[GIN-debug] GET    /operations               --> coinkeeper/pkg/controllers.checkUserAuthentication (3 handlers)
[GIN-debug] POST   /operations               --> coinkeeper/pkg/controllers.checkUserAuthentication (3 handlers)
[GIN-debug] GET    /operations/:id           --> coinkeeper/pkg/controllers.checkUserAuthentication (3 handlers)
[GIN-debug] PUT    /operations/:id           --> coinkeeper/pkg/controllers.checkUserAuthentication (3 handlers)
[GIN-debug] DELETE /operations/:id           --> coinkeeper/pkg/controllers.checkUserAuthentication (3 handlers)
[GIN-debug] GET    /operation-types          --> github.com/gin-gonic/gin.CustomRecoveryWithWriter.func1 (2 handlers)
[GIN-debug] POST   /operation-types          --> github.com/gin-gonic/gin.CustomRecoveryWithWriter.func1 (2 handlers)
[GIN-debug] GET    /operation-types/:id      --> github.com/gin-gonic/gin.CustomRecoveryWithWriter.func1 (2 handlers)
[GIN-debug] PUT    /operation-types/:id      --> github.com/gin-gonic/gin.CustomRecoveryWithWriter.func1 (2 handlers)
[GIN-debug] DELETE /operation-types/:id      --> github.com/gin-gonic/gin.CustomRecoveryWithWriter.func1 (2 handlers)
[GIN-debug] GET    /operation-categories     --> github.com/gin-gonic/gin.CustomRecoveryWithWriter.func1 (2 handlers)
[GIN-debug] POST   /operation-categories     --> github.com/gin-gonic/gin.CustomRecoveryWithWriter.func1 (2 handlers)
[GIN-debug] GET    /operation-categories/:id --> github.com/gin-gonic/gin.CustomRecoveryWithWriter.func1 (2 handlers)
[GIN-debug] PUT    /operation-categories/:id --> github.com/gin-gonic/gin.CustomRecoveryWithWriter.func1 (2 handlers)
[GIN-debug] DELETE /operation-categories/:id --> github.com/gin-gonic/gin.CustomRecoveryWithWriter.func1 (2 handlers)
[GIN-debug] [WARNING] You trusted all proxies, this is NOT safe. We recommend you to set a value.
Please check https://pkg.go.dev/github.com/gin-gonic/gin#readme-don-t-trust-all-proxies for details.
[GIN-debug] Listening and serving HTTP on :8181
[GIN] 2024/08/21 - 16:14:19 | 200 |         288µs |             ::1 | GET      "/operations"
[GIN-debug] [WARNING] Creating an Engine instance with the Logger and Recovery middleware already attached.

[GIN-debug] [WARNING] Running in "debug" mode. Switch to "release" mode in production.
 - using env:	export GIN_MODE=release
 - using code:	gin.SetMode(gin.ReleaseMode)

[GIN-debug] GET    /ping                     --> coinkeeper/pkg/controllers.PingPong (3 handlers)
[GIN-debug] POST   /auth/sign-up             --> coinkeeper/pkg/controllers.SignUp (3 handlers)
[GIN-debug] POST   /auth/sign-in             --> coinkeeper/pkg/controllers.SignIn (3 handlers)
[GIN-debug] GET    /users                    --> coinkeeper/pkg/controllers.GetAllUsers (3 handlers)
[GIN-debug] GET    /users/:id                --> coinkeeper/pkg/controllers.GetUserByID (3 handlers)
[GIN-debug] POST   /users                    --> coinkeeper/pkg/controllers.CreateUser (3 handlers)
[GIN-debug] PUT    /users/:id                --> coinkeeper/pkg/controllers.UpdateUser (3 handlers)
[GIN-debug] DELETE /users/:id                --> github.com/gin-gonic/gin.CustomRecoveryWithWriter.func1 (2 handlers)
[GIN-debug] PATCH  /users/:id                --> github.com/gin-gonic/gin.CustomRecoveryWithWriter.func1 (2 handlers)
[GIN-debug] GET    /operations               --> coinkeeper/pkg/controllers.checkUserAuthentication (3 handlers)
[GIN-debug] POST   /operations               --> coinkeeper/pkg/controllers.checkUserAuthentication (3 handlers)
[GIN-debug] GET    /operations/:id           --> coinkeeper/pkg/controllers.checkUserAuthentication (3 handlers)
[GIN-debug] PUT    /operations/:id           --> coinkeeper/pkg/controllers.checkUserAuthentication (3 handlers)
[GIN-debug] DELETE /operations/:id           --> coinkeeper/pkg/controllers.checkUserAuthentication (3 handlers)
[GIN-debug] GET    /operation-types          --> github.com/gin-gonic/gin.CustomRecoveryWithWriter.func1 (2 handlers)
[GIN-debug] POST   /operation-types          --> github.com/gin-gonic/gin.CustomRecoveryWithWriter.func1 (2 handlers)
[GIN-debug] GET    /operation-types/:id      --> github.com/gin-gonic/gin.CustomRecoveryWithWriter.func1 (2 handlers)
[GIN-debug] PUT    /operation-types/:id      --> github.com/gin-gonic/gin.CustomRecoveryWithWriter.func1 (2 handlers)
[GIN-debug] DELETE /operation-types/:id      --> github.com/gin-gonic/gin.CustomRecoveryWithWriter.func1 (2 handlers)
[GIN-debug] GET    /operation-categories     --> github.com/gin-gonic/gin.CustomRecoveryWithWriter.func1 (2 handlers)
[GIN-debug] POST   /operation-categories     --> github.com/gin-gonic/gin.CustomRecoveryWithWriter.func1 (2 handlers)
[GIN-debug] GET    /operation-categories/:id --> github.com/gin-gonic/gin.CustomRecoveryWithWriter.func1 (2 handlers)
[GIN-debug] PUT    /operation-categories/:id --> github.com/gin-gonic/gin.CustomRecoveryWithWriter.func1 (2 handlers)
[GIN-debug] DELETE /operation-categories/:id --> github.com/gin-gonic/gin.CustomRecoveryWithWriter.func1 (2 handlers)
[GIN-debug] [WARNING] You trusted all proxies, this is NOT safe. We recommend you to set a value.
Please check https://pkg.go.dev/github.com/gin-gonic/gin#readme-don-t-trust-all-proxies for details.
[GIN-debug] Listening and serving HTTP on :8181
[GIN] 2024/08/21 - 16:15:39 | 200 |     448.291µs |             ::1 | GET      "/operations"
[GIN-debug] [WARNING] Creating an Engine instance with the Logger and Recovery middleware already attached.

[GIN-debug] [WARNING] Running in "debug" mode. Switch to "release" mode in production.
 - using env:	export GIN_MODE=release
 - using code:	gin.SetMode(gin.ReleaseMode)

[GIN-debug] GET    /ping                     --> coinkeeper/pkg/controllers.PingPong (3 handlers)
[GIN-debug] POST   /auth/sign-up             --> coinkeeper/pkg/controllers.SignUp (3 handlers)
[GIN-debug] POST   /auth/sign-in             --> coinkeeper/pkg/controllers.SignIn (3 handlers)
[GIN-debug] GET    /users                    --> coinkeeper/pkg/controllers.GetAllUsers (3 handlers)
[GIN-debug] GET    /users/:id                --> coinkeeper/pkg/controllers.GetUserByID (3 handlers)
[GIN-debug] POST   /users                    --> coinkeeper/pkg/controllers.CreateUser (3 handlers)
[GIN-debug] PUT    /users/:id                --> coinkeeper/pkg/controllers.UpdateUser (3 handlers)
[GIN-debug] DELETE /users/:id                --> github.com/gin-gonic/gin.CustomRecoveryWithWriter.func1 (2 handlers)
[GIN-debug] PATCH  /users/:id                --> github.com/gin-gonic/gin.CustomRecoveryWithWriter.func1 (2 handlers)
[GIN-debug] GET    /operations               --> coinkeeper/pkg/controllers.GetAllOperations (4 handlers)
[GIN-debug] POST   /operations               --> coinkeeper/pkg/controllers.checkUserAuthentication (3 handlers)
[GIN-debug] GET    /operations/:id           --> coinkeeper/pkg/controllers.checkUserAuthentication (3 handlers)
[GIN-debug] PUT    /operations/:id           --> coinkeeper/pkg/controllers.checkUserAuthentication (3 handlers)
[GIN-debug] DELETE /operations/:id           --> coinkeeper/pkg/controllers.checkUserAuthentication (3 handlers)
[GIN-debug] GET    /operation-types          --> github.com/gin-gonic/gin.CustomRecoveryWithWriter.func1 (2 handlers)
[GIN-debug] POST   /operation-types          --> github.com/gin-gonic/gin.CustomRecoveryWithWriter.func1 (2 handlers)
[GIN-debug] GET    /operation-types/:id      --> github.com/gin-gonic/gin.CustomRecoveryWithWriter.func1 (2 handlers)
[GIN-debug] PUT    /operation-types/:id      --> github.com/gin-gonic/gin.CustomRecoveryWithWriter.func1 (2 handlers)
[GIN-debug] DELETE /operation-types/:id      --> github.com/gin-gonic/gin.CustomRecoveryWithWriter.func1 (2 handlers)
[GIN-debug] GET    /operation-categories     --> github.com/gin-gonic/gin.CustomRecoveryWithWriter.func1 (2 handlers)
[GIN-debug] POST   /operation-categories     --> github.com/gin-gonic/gin.CustomRecoveryWithWriter.func1 (2 handlers)
[GIN-debug] GET    /operation-categories/:id --> github.com/gin-gonic/gin.CustomRecoveryWithWriter.func1 (2 handlers)
[GIN-debug] PUT    /operation-categories/:id --> github.com/gin-gonic/gin.CustomRecoveryWithWriter.func1 (2 handlers)
[GIN-debug] DELETE /operation-categories/:id --> github.com/gin-gonic/gin.CustomRecoveryWithWriter.func1 (2 handlers)
[GIN-debug] [WARNING] You trusted all proxies, this is NOT safe. We recommend you to set a value.
Please check https://pkg.go.dev/github.com/gin-gonic/gin#readme-don-t-trust-all-proxies for details.
[GIN-debug] Listening and serving HTTP on :8181
[GIN] 2024/08/21 - 16:22:17 | 200 |    2.383291ms |             ::1 | GET      "/operations"
[GIN-debug] [WARNING] Creating an Engine instance with the Logger and Recovery middleware already attached.

[GIN-debug] [WARNING] Running in "debug" mode. Switch to "release" mode in production.
 - using env:	export GIN_MODE=release
 - using code:	gin.SetMode(gin.ReleaseMode)

[GIN-debug] GET    /ping                     --> coinkeeper/pkg/controllers.PingPong (3 handlers)
[GIN-debug] POST   /auth/sign-up             --> coinkeeper/pkg/controllers.SignUp (3 handlers)
[GIN-debug] POST   /auth/sign-in             --> coinkeeper/pkg/controllers.SignIn (3 handlers)
[GIN-debug] GET    /users                    --> coinkeeper/pkg/controllers.GetAllUsers (3 handlers)
[GIN-debug] GET    /users/:id                --> coinkeeper/pkg/controllers.GetUserByID (3 handlers)
[GIN-debug] POST   /users                    --> coinkeeper/pkg/controllers.CreateUser (3 handlers)
[GIN-debug] PUT    /users/:id                --> coinkeeper/pkg/controllers.UpdateUser (3 handlers)
[GIN-debug] DELETE /users/:id                --> github.com/gin-gonic/gin.CustomRecoveryWithWriter.func1 (2 handlers)
[GIN-debug] PATCH  /users/:id                --> github.com/gin-gonic/gin.CustomRecoveryWithWriter.func1 (2 handlers)
[GIN-debug] GET    /operations               --> coinkeeper/pkg/controllers.GetAllOperations (4 handlers)
[GIN-debug] POST   /operations               --> coinkeeper/pkg/controllers.checkUserAuthentication (3 handlers)
[GIN-debug] GET    /operations/:id           --> coinkeeper/pkg/controllers.checkUserAuthentication (3 handlers)
[GIN-debug] PUT    /operations/:id           --> coinkeeper/pkg/controllers.checkUserAuthentication (3 handlers)
[GIN-debug] DELETE /operations/:id           --> coinkeeper/pkg/controllers.checkUserAuthentication (3 handlers)
[GIN-debug] GET    /operation-types          --> github.com/gin-gonic/gin.CustomRecoveryWithWriter.func1 (2 handlers)
[GIN-debug] POST   /operation-types          --> github.com/gin-gonic/gin.CustomRecoveryWithWriter.func1 (2 handlers)
[GIN-debug] GET    /operation-types/:id      --> github.com/gin-gonic/gin.CustomRecoveryWithWriter.func1 (2 handlers)
[GIN-debug] PUT    /operation-types/:id      --> github.com/gin-gonic/gin.CustomRecoveryWithWriter.func1 (2 handlers)
[GIN-debug] DELETE /operation-types/:id      --> github.com/gin-gonic/gin.CustomRecoveryWithWriter.func1 (2 handlers)
[GIN-debug] GET    /operation-categories     --> github.com/gin-gonic/gin.CustomRecoveryWithWriter.func1 (2 handlers)
[GIN-debug] POST   /operation-categories     --> github.com/gin-gonic/gin.CustomRecoveryWithWriter.func1 (2 handlers)
[GIN-debug] GET    /operation-categories/:id --> github.com/gin-gonic/gin.CustomRecoveryWithWriter.func1 (2 handlers)
[GIN-debug] PUT    /operation-categories/:id --> github.com/gin-gonic/gin.CustomRecoveryWithWriter.func1 (2 handlers)
[GIN-debug] DELETE /operation-categories/:id --> github.com/gin-gonic/gin.CustomRecoveryWithWriter.func1 (2 handlers)
[GIN-debug] [WARNING] You trusted all proxies, this is NOT safe. We recommend you to set a value.
Please check https://pkg.go.dev/github.com/gin-gonic/gin#readme-don-t-trust-all-proxies for details.
[GIN-debug] Listening and serving HTTP on :8181
[GIN] 2024/08/21 - 16:23:15 | 500 |     3.46075ms |             ::1 | GET      "/operations"
[GIN-debug] [WARNING] Creating an Engine instance with the Logger and Recovery middleware already attached.

[GIN-debug] [WARNING] Running in "debug" mode. Switch to "release" mode in production.
 - using env:	export GIN_MODE=release
 - using code:	gin.SetMode(gin.ReleaseMode)

[GIN-debug] GET    /ping                     --> coinkeeper/pkg/controllers.PingPong (3 handlers)
[GIN-debug] POST   /auth/sign-up             --> coinkeeper/pkg/controllers.SignUp (3 handlers)
[GIN-debug] POST   /auth/sign-in             --> coinkeeper/pkg/controllers.SignIn (3 handlers)
[GIN-debug] GET    /users                    --> coinkeeper/pkg/controllers.GetAllUsers (3 handlers)
[GIN-debug] GET    /users/:id                --> coinkeeper/pkg/controllers.GetUserByID (3 handlers)
[GIN-debug] POST   /users                    --> coinkeeper/pkg/controllers.CreateUser (3 handlers)
[GIN-debug] PUT    /users/:id                --> coinkeeper/pkg/controllers.UpdateUser (3 handlers)
[GIN-debug] DELETE /users/:id                --> github.com/gin-gonic/gin.CustomRecoveryWithWriter.func1 (2 handlers)
[GIN-debug] PATCH  /users/:id                --> github.com/gin-gonic/gin.CustomRecoveryWithWriter.func1 (2 handlers)
[GIN-debug] GET    /operations               --> coinkeeper/pkg/controllers.GetAllOperations (4 handlers)
[GIN-debug] POST   /operations               --> coinkeeper/pkg/controllers.checkUserAuthentication (3 handlers)
[GIN-debug] GET    /operations/:id           --> coinkeeper/pkg/controllers.checkUserAuthentication (3 handlers)
[GIN-debug] PUT    /operations/:id           --> coinkeeper/pkg/controllers.checkUserAuthentication (3 handlers)
[GIN-debug] DELETE /operations/:id           --> coinkeeper/pkg/controllers.checkUserAuthentication (3 handlers)
[GIN-debug] GET    /operation-types          --> github.com/gin-gonic/gin.CustomRecoveryWithWriter.func1 (2 handlers)
[GIN-debug] POST   /operation-types          --> github.com/gin-gonic/gin.CustomRecoveryWithWriter.func1 (2 handlers)
[GIN-debug] GET    /operation-types/:id      --> github.com/gin-gonic/gin.CustomRecoveryWithWriter.func1 (2 handlers)
[GIN-debug] PUT    /operation-types/:id      --> github.com/gin-gonic/gin.CustomRecoveryWithWriter.func1 (2 handlers)
[GIN-debug] DELETE /operation-types/:id      --> github.com/gin-gonic/gin.CustomRecoveryWithWriter.func1 (2 handlers)
[GIN-debug] GET    /operation-categories     --> github.com/gin-gonic/gin.CustomRecoveryWithWriter.func1 (2 handlers)
[GIN-debug] POST   /operation-categories     --> github.com/gin-gonic/gin.CustomRecoveryWithWriter.func1 (2 handlers)
[GIN-debug] GET    /operation-categories/:id --> github.com/gin-gonic/gin.CustomRecoveryWithWriter.func1 (2 handlers)
[GIN-debug] PUT    /operation-categories/:id --> github.com/gin-gonic/gin.CustomRecoveryWithWriter.func1 (2 handlers)
[GIN-debug] DELETE /operation-categories/:id --> github.com/gin-gonic/gin.CustomRecoveryWithWriter.func1 (2 handlers)
[GIN-debug] [WARNING] You trusted all proxies, this is NOT safe. We recommend you to set a value.
Please check https://pkg.go.dev/github.com/gin-gonic/gin#readme-don-t-trust-all-proxies for details.
[GIN-debug] Listening and serving HTTP on :8181
[GIN] 2024/08/21 - 16:24:43 | 200 |   16.361166ms |             ::1 | GET      "/operations"
[GIN-debug] [WARNING] Creating an Engine instance with the Logger and Recovery middleware already attached.

[GIN-debug] [WARNING] Running in "debug" mode. Switch to "release" mode in production.
 - using env:	export GIN_MODE=release
 - using code:	gin.SetMode(gin.ReleaseMode)

[GIN-debug] GET    /ping                     --> coinkeeper/pkg/controllers.PingPong (3 handlers)
[GIN-debug] POST   /auth/sign-up             --> coinkeeper/pkg/controllers.SignUp (3 handlers)
[GIN-debug] POST   /auth/sign-in             --> coinkeeper/pkg/controllers.SignIn (3 handlers)
[GIN-debug] GET    /users                    --> coinkeeper/pkg/controllers.GetAllUsers (3 handlers)
[GIN-debug] GET    /users/:id                --> coinkeeper/pkg/controllers.GetUserByID (3 handlers)
[GIN-debug] POST   /users                    --> coinkeeper/pkg/controllers.CreateUser (3 handlers)
[GIN-debug] PUT    /users/:id                --> coinkeeper/pkg/controllers.UpdateUser (3 handlers)
[GIN-debug] DELETE /users/:id                --> github.com/gin-gonic/gin.CustomRecoveryWithWriter.func1 (2 handlers)
[GIN-debug] PATCH  /users/:id                --> github.com/gin-gonic/gin.CustomRecoveryWithWriter.func1 (2 handlers)
[GIN-debug] GET    /operations               --> coinkeeper/pkg/controllers.GetAllOperations (4 handlers)
[GIN-debug] POST   /operations               --> coinkeeper/pkg/controllers.checkUserAuthentication (3 handlers)
[GIN-debug] GET    /operations/:id           --> coinkeeper/pkg/controllers.checkUserAuthentication (3 handlers)
[GIN-debug] PUT    /operations/:id           --> coinkeeper/pkg/controllers.checkUserAuthentication (3 handlers)
[GIN-debug] DELETE /operations/:id           --> coinkeeper/pkg/controllers.checkUserAuthentication (3 handlers)
[GIN-debug] GET    /operation-types          --> github.com/gin-gonic/gin.CustomRecoveryWithWriter.func1 (2 handlers)
[GIN-debug] POST   /operation-types          --> github.com/gin-gonic/gin.CustomRecoveryWithWriter.func1 (2 handlers)
[GIN-debug] GET    /operation-types/:id      --> github.com/gin-gonic/gin.CustomRecoveryWithWriter.func1 (2 handlers)
[GIN-debug] PUT    /operation-types/:id      --> github.com/gin-gonic/gin.CustomRecoveryWithWriter.func1 (2 handlers)
[GIN-debug] DELETE /operation-types/:id      --> github.com/gin-gonic/gin.CustomRecoveryWithWriter.func1 (2 handlers)
[GIN-debug] GET    /operation-categories     --> github.com/gin-gonic/gin.CustomRecoveryWithWriter.func1 (2 handlers)
[GIN-debug] POST   /operation-categories     --> github.com/gin-gonic/gin.CustomRecoveryWithWriter.func1 (2 handlers)
[GIN-debug] GET    /operation-categories/:id --> github.com/gin-gonic/gin.CustomRecoveryWithWriter.func1 (2 handlers)
[GIN-debug] PUT    /operation-categories/:id --> github.com/gin-gonic/gin.CustomRecoveryWithWriter.func1 (2 handlers)
[GIN-debug] DELETE /operation-categories/:id --> github.com/gin-gonic/gin.CustomRecoveryWithWriter.func1 (2 handlers)
[GIN-debug] [WARNING] You trusted all proxies, this is NOT safe. We recommend you to set a value.
Please check https://pkg.go.dev/github.com/gin-gonic/gin#readme-don-t-trust-all-proxies for details.
[GIN-debug] Listening and serving HTTP on :8181
[GIN] 2024/08/21 - 16:25:57 | 200 |    2.781791ms |             ::1 | GET      "/operations"
[GIN] 2024/08/21 - 16:26:24 | 200 |       1.956ms |             ::1 | GET      "/operations"
[GIN-debug] [WARNING] Creating an Engine instance with the Logger and Recovery middleware already attached.

[GIN-debug] [WARNING] Running in "debug" mode. Switch to "release" mode in production.
 - using env:	export GIN_MODE=release
 - using code:	gin.SetMode(gin.ReleaseMode)

[GIN-debug] GET    /ping                     --> coinkeeper/pkg/controllers.PingPong (3 handlers)
[GIN-debug] POST   /auth/sign-up             --> coinkeeper/pkg/controllers.SignUp (3 handlers)
[GIN-debug] POST   /auth/sign-in             --> coinkeeper/pkg/controllers.SignIn (3 handlers)
[GIN-debug] GET    /users                    --> coinkeeper/pkg/controllers.GetAllUsers (3 handlers)
[GIN-debug] GET    /users/:id                --> coinkeeper/pkg/controllers.GetUserByID (3 handlers)
[GIN-debug] POST   /users                    --> coinkeeper/pkg/controllers.CreateUser (3 handlers)
[GIN-debug] PUT    /users/:id                --> coinkeeper/pkg/controllers.UpdateUser (3 handlers)
[GIN-debug] DELETE /users/:id                --> github.com/gin-gonic/gin.CustomRecoveryWithWriter.func1 (2 handlers)
[GIN-debug] PATCH  /users/:id                --> github.com/gin-gonic/gin.CustomRecoveryWithWriter.func1 (2 handlers)
[GIN-debug] GET    /operations               --> coinkeeper/pkg/controllers.GetAllOperations (4 handlers)
[GIN-debug] POST   /operations               --> coinkeeper/pkg/controllers.checkUserAuthentication (3 handlers)
[GIN-debug] GET    /operations/:id           --> coinkeeper/pkg/controllers.checkUserAuthentication (3 handlers)
[GIN-debug] PUT    /operations/:id           --> coinkeeper/pkg/controllers.checkUserAuthentication (3 handlers)
[GIN-debug] DELETE /operations/:id           --> coinkeeper/pkg/controllers.checkUserAuthentication (3 handlers)
[GIN-debug] GET    /operation-types          --> github.com/gin-gonic/gin.CustomRecoveryWithWriter.func1 (2 handlers)
[GIN-debug] POST   /operation-types          --> github.com/gin-gonic/gin.CustomRecoveryWithWriter.func1 (2 handlers)
[GIN-debug] GET    /operation-types/:id      --> github.com/gin-gonic/gin.CustomRecoveryWithWriter.func1 (2 handlers)
[GIN-debug] PUT    /operation-types/:id      --> github.com/gin-gonic/gin.CustomRecoveryWithWriter.func1 (2 handlers)
[GIN-debug] DELETE /operation-types/:id      --> github.com/gin-gonic/gin.CustomRecoveryWithWriter.func1 (2 handlers)
[GIN-debug] GET    /operation-categories     --> github.com/gin-gonic/gin.CustomRecoveryWithWriter.func1 (2 handlers)
[GIN-debug] POST   /operation-categories     --> github.com/gin-gonic/gin.CustomRecoveryWithWriter.func1 (2 handlers)
[GIN-debug] GET    /operation-categories/:id --> github.com/gin-gonic/gin.CustomRecoveryWithWriter.func1 (2 handlers)
[GIN-debug] PUT    /operation-categories/:id --> github.com/gin-gonic/gin.CustomRecoveryWithWriter.func1 (2 handlers)
[GIN-debug] DELETE /operation-categories/:id --> github.com/gin-gonic/gin.CustomRecoveryWithWriter.func1 (2 handlers)
[GIN-debug] [WARNING] You trusted all proxies, this is NOT safe. We recommend you to set a value.
Please check https://pkg.go.dev/github.com/gin-gonic/gin#readme-don-t-trust-all-proxies for details.
[GIN-debug] Listening and serving HTTP on :8181
[GIN] 2024/08/21 - 16:26:49 | 200 |    3.830583ms |             ::1 | GET      "/operations"
[GIN-debug] [WARNING] Creating an Engine instance with the Logger and Recovery middleware already attached.

[GIN-debug] [WARNING] Running in "debug" mode. Switch to "release" mode in production.
 - using env:	export GIN_MODE=release
 - using code:	gin.SetMode(gin.ReleaseMode)

[GIN-debug] GET    /ping                     --> coinkeeper/pkg/controllers.PingPong (3 handlers)
[GIN-debug] POST   /auth/sign-up             --> coinkeeper/pkg/controllers.SignUp (3 handlers)
[GIN-debug] POST   /auth/sign-in             --> coinkeeper/pkg/controllers.SignIn (3 handlers)
[GIN-debug] GET    /users                    --> coinkeeper/pkg/controllers.GetAllUsers (3 handlers)
[GIN-debug] GET    /users/:id                --> coinkeeper/pkg/controllers.GetUserByID (3 handlers)
[GIN-debug] POST   /users                    --> coinkeeper/pkg/controllers.CreateUser (3 handlers)
[GIN-debug] PUT    /users/:id                --> coinkeeper/pkg/controllers.UpdateUser (3 handlers)
[GIN-debug] DELETE /users/:id                --> github.com/gin-gonic/gin.CustomRecoveryWithWriter.func1 (2 handlers)
[GIN-debug] PATCH  /users/:id                --> github.com/gin-gonic/gin.CustomRecoveryWithWriter.func1 (2 handlers)
[GIN-debug] GET    /operations               --> coinkeeper/pkg/controllers.GetAllOperations (4 handlers)
[GIN-debug] POST   /operations               --> coinkeeper/pkg/controllers.checkUserAuthentication (3 handlers)
[GIN-debug] GET    /operations/:id           --> coinkeeper/pkg/controllers.checkUserAuthentication (3 handlers)
[GIN-debug] PUT    /operations/:id           --> coinkeeper/pkg/controllers.checkUserAuthentication (3 handlers)
[GIN-debug] DELETE /operations/:id           --> coinkeeper/pkg/controllers.checkUserAuthentication (3 handlers)
[GIN-debug] GET    /operation-types          --> github.com/gin-gonic/gin.CustomRecoveryWithWriter.func1 (2 handlers)
[GIN-debug] POST   /operation-types          --> github.com/gin-gonic/gin.CustomRecoveryWithWriter.func1 (2 handlers)
[GIN-debug] GET    /operation-types/:id      --> github.com/gin-gonic/gin.CustomRecoveryWithWriter.func1 (2 handlers)
[GIN-debug] PUT    /operation-types/:id      --> github.com/gin-gonic/gin.CustomRecoveryWithWriter.func1 (2 handlers)
[GIN-debug] DELETE /operation-types/:id      --> github.com/gin-gonic/gin.CustomRecoveryWithWriter.func1 (2 handlers)
[GIN-debug] GET    /operation-categories     --> github.com/gin-gonic/gin.CustomRecoveryWithWriter.func1 (2 handlers)
[GIN-debug] POST   /operation-categories     --> github.com/gin-gonic/gin.CustomRecoveryWithWriter.func1 (2 handlers)
[GIN-debug] GET    /operation-categories/:id --> github.com/gin-gonic/gin.CustomRecoveryWithWriter.func1 (2 handlers)
[GIN-debug] PUT    /operation-categories/:id --> github.com/gin-gonic/gin.CustomRecoveryWithWriter.func1 (2 handlers)
[GIN-debug] DELETE /operation-categories/:id --> github.com/gin-gonic/gin.CustomRecoveryWithWriter.func1 (2 handlers)
[GIN-debug] [WARNING] You trusted all proxies, this is NOT safe. We recommend you to set a value.
Please check https://pkg.go.dev/github.com/gin-gonic/gin#readme-don-t-trust-all-proxies for details.
[GIN-debug] Listening and serving HTTP on :8181
[GIN] 2024/08/21 - 16:28:59 | 200 |    2.429792ms |             ::1 | GET      "/operations"
[GIN-debug] [WARNING] Creating an Engine instance with the Logger and Recovery middleware already attached.

[GIN-debug] [WARNING] Running in "debug" mode. Switch to "release" mode in production.
 - using env:	export GIN_MODE=release
 - using code:	gin.SetMode(gin.ReleaseMode)

[GIN-debug] GET    /ping                     --> coinkeeper/pkg/controllers.PingPong (3 handlers)
[GIN-debug] POST   /auth/sign-up             --> coinkeeper/pkg/controllers.SignUp (3 handlers)
[GIN-debug] POST   /auth/sign-in             --> coinkeeper/pkg/controllers.SignIn (3 handlers)
[GIN-debug] GET    /users                    --> coinkeeper/pkg/controllers.GetAllUsers (3 handlers)
[GIN-debug] GET    /users/:id                --> coinkeeper/pkg/controllers.GetUserByID (3 handlers)
[GIN-debug] POST   /users                    --> coinkeeper/pkg/controllers.CreateUser (3 handlers)
[GIN-debug] PUT    /users/:id                --> coinkeeper/pkg/controllers.UpdateUser (3 handlers)
[GIN-debug] DELETE /users/:id                --> github.com/gin-gonic/gin.CustomRecoveryWithWriter.func1 (2 handlers)
[GIN-debug] PATCH  /users/:id                --> github.com/gin-gonic/gin.CustomRecoveryWithWriter.func1 (2 handlers)
[GIN-debug] GET    /operations               --> coinkeeper/pkg/controllers.GetAllOperations (4 handlers)
[GIN-debug] POST   /operations               --> coinkeeper/pkg/controllers.checkUserAuthentication (3 handlers)
[GIN-debug] GET    /operations/:id           --> coinkeeper/pkg/controllers.checkUserAuthentication (3 handlers)
[GIN-debug] PUT    /operations/:id           --> coinkeeper/pkg/controllers.checkUserAuthentication (3 handlers)
[GIN-debug] DELETE /operations/:id           --> coinkeeper/pkg/controllers.checkUserAuthentication (3 handlers)
[GIN-debug] GET    /operation-types          --> github.com/gin-gonic/gin.CustomRecoveryWithWriter.func1 (2 handlers)
[GIN-debug] POST   /operation-types          --> github.com/gin-gonic/gin.CustomRecoveryWithWriter.func1 (2 handlers)
[GIN-debug] GET    /operation-types/:id      --> github.com/gin-gonic/gin.CustomRecoveryWithWriter.func1 (2 handlers)
[GIN-debug] PUT    /operation-types/:id      --> github.com/gin-gonic/gin.CustomRecoveryWithWriter.func1 (2 handlers)
[GIN-debug] DELETE /operation-types/:id      --> github.com/gin-gonic/gin.CustomRecoveryWithWriter.func1 (2 handlers)
[GIN-debug] GET    /operation-categories     --> github.com/gin-gonic/gin.CustomRecoveryWithWriter.func1 (2 handlers)
[GIN-debug] POST   /operation-categories     --> github.com/gin-gonic/gin.CustomRecoveryWithWriter.func1 (2 handlers)
[GIN-debug] GET    /operation-categories/:id --> github.com/gin-gonic/gin.CustomRecoveryWithWriter.func1 (2 handlers)
[GIN-debug] PUT    /operation-categories/:id --> github.com/gin-gonic/gin.CustomRecoveryWithWriter.func1 (2 handlers)
[GIN-debug] DELETE /operation-categories/:id --> github.com/gin-gonic/gin.CustomRecoveryWithWriter.func1 (2 handlers)
[GIN-debug] [WARNING] You trusted all proxies, this is NOT safe. We recommend you to set a value.
Please check https://pkg.go.dev/github.com/gin-gonic/gin#readme-don-t-trust-all-proxies for details.
[GIN-debug] Listening and serving HTTP on :8181
[GIN] 2024/08/21 - 16:29:14 | 200 |    4.410791ms |             ::1 | GET      "/operations"
[GIN-debug] [WARNING] Creating an Engine instance with the Logger and Recovery middleware already attached.

[GIN-debug] [WARNING] Running in "debug" mode. Switch to "release" mode in production.
 - using env:	export GIN_MODE=release
 - using code:	gin.SetMode(gin.ReleaseMode)

[GIN-debug] GET    /ping                     --> coinkeeper/pkg/controllers.PingPong (3 handlers)
[GIN-debug] POST   /auth/sign-up             --> coinkeeper/pkg/controllers.SignUp (3 handlers)
[GIN-debug] POST   /auth/sign-in             --> coinkeeper/pkg/controllers.SignIn (3 handlers)
[GIN-debug] GET    /users                    --> coinkeeper/pkg/controllers.GetAllUsers (3 handlers)
[GIN-debug] GET    /users/:id                --> coinkeeper/pkg/controllers.GetUserByID (3 handlers)
[GIN-debug] POST   /users                    --> coinkeeper/pkg/controllers.CreateUser (3 handlers)
[GIN-debug] PUT    /users/:id                --> coinkeeper/pkg/controllers.UpdateUser (3 handlers)
[GIN-debug] DELETE /users/:id                --> github.com/gin-gonic/gin.CustomRecoveryWithWriter.func1 (2 handlers)
[GIN-debug] PATCH  /users/:id                --> github.com/gin-gonic/gin.CustomRecoveryWithWriter.func1 (2 handlers)
[GIN-debug] GET    /operations               --> coinkeeper/pkg/controllers.GetAllOperations (4 handlers)
[GIN-debug] POST   /operations               --> coinkeeper/pkg/controllers.checkUserAuthentication (3 handlers)
[GIN-debug] GET    /operations/:id           --> coinkeeper/pkg/controllers.checkUserAuthentication (3 handlers)
[GIN-debug] PUT    /operations/:id           --> coinkeeper/pkg/controllers.checkUserAuthentication (3 handlers)
[GIN-debug] DELETE /operations/:id           --> coinkeeper/pkg/controllers.checkUserAuthentication (3 handlers)
[GIN-debug] GET    /operation-types          --> github.com/gin-gonic/gin.CustomRecoveryWithWriter.func1 (2 handlers)
[GIN-debug] POST   /operation-types          --> github.com/gin-gonic/gin.CustomRecoveryWithWriter.func1 (2 handlers)
[GIN-debug] GET    /operation-types/:id      --> github.com/gin-gonic/gin.CustomRecoveryWithWriter.func1 (2 handlers)
[GIN-debug] PUT    /operation-types/:id      --> github.com/gin-gonic/gin.CustomRecoveryWithWriter.func1 (2 handlers)
[GIN-debug] DELETE /operation-types/:id      --> github.com/gin-gonic/gin.CustomRecoveryWithWriter.func1 (2 handlers)
[GIN-debug] GET    /operation-categories     --> github.com/gin-gonic/gin.CustomRecoveryWithWriter.func1 (2 handlers)
[GIN-debug] POST   /operation-categories     --> github.com/gin-gonic/gin.CustomRecoveryWithWriter.func1 (2 handlers)
[GIN-debug] GET    /operation-categories/:id --> github.com/gin-gonic/gin.CustomRecoveryWithWriter.func1 (2 handlers)
[GIN-debug] PUT    /operation-categories/:id --> github.com/gin-gonic/gin.CustomRecoveryWithWriter.func1 (2 handlers)
[GIN-debug] DELETE /operation-categories/:id --> github.com/gin-gonic/gin.CustomRecoveryWithWriter.func1 (2 handlers)
[GIN-debug] [WARNING] You trusted all proxies, this is NOT safe. We recommend you to set a value.
Please check https://pkg.go.dev/github.com/gin-gonic/gin#readme-don-t-trust-all-proxies for details.
[GIN-debug] Listening and serving HTTP on :8181
[GIN] 2024/08/21 - 16:29:39 | 200 |   18.001292ms |             ::1 | GET      "/operations"
[GIN-debug] [WARNING] Creating an Engine instance with the Logger and Recovery middleware already attached.

[GIN-debug] [WARNING] Running in "debug" mode. Switch to "release" mode in production.
 - using env:	export GIN_MODE=release
 - using code:	gin.SetMode(gin.ReleaseMode)

[GIN-debug] GET    /ping                     --> coinkeeper/pkg/controllers.PingPong (3 handlers)
[GIN-debug] POST   /auth/sign-up             --> coinkeeper/pkg/controllers.SignUp (3 handlers)
[GIN-debug] POST   /auth/sign-in             --> coinkeeper/pkg/controllers.SignIn (3 handlers)
[GIN-debug] GET    /users                    --> coinkeeper/pkg/controllers.GetAllUsers (3 handlers)
[GIN-debug] GET    /users/:id                --> coinkeeper/pkg/controllers.GetUserByID (3 handlers)
[GIN-debug] POST   /users                    --> coinkeeper/pkg/controllers.CreateUser (3 handlers)
[GIN-debug] PUT    /users/:id                --> coinkeeper/pkg/controllers.UpdateUser (3 handlers)
[GIN-debug] DELETE /users/:id                --> github.com/gin-gonic/gin.CustomRecoveryWithWriter.func1 (2 handlers)
[GIN-debug] PATCH  /users/:id                --> github.com/gin-gonic/gin.CustomRecoveryWithWriter.func1 (2 handlers)
[GIN-debug] GET    /operations               --> coinkeeper/pkg/controllers.GetAllOperations (4 handlers)
[GIN-debug] POST   /operations               --> coinkeeper/pkg/controllers.checkUserAuthentication (3 handlers)
[GIN-debug] GET    /operations/:id           --> coinkeeper/pkg/controllers.checkUserAuthentication (3 handlers)
[GIN-debug] PUT    /operations/:id           --> coinkeeper/pkg/controllers.checkUserAuthentication (3 handlers)
[GIN-debug] DELETE /operations/:id           --> coinkeeper/pkg/controllers.checkUserAuthentication (3 handlers)
[GIN-debug] GET    /operation-types          --> github.com/gin-gonic/gin.CustomRecoveryWithWriter.func1 (2 handlers)
[GIN-debug] POST   /operation-types          --> github.com/gin-gonic/gin.CustomRecoveryWithWriter.func1 (2 handlers)
[GIN-debug] GET    /operation-types/:id      --> github.com/gin-gonic/gin.CustomRecoveryWithWriter.func1 (2 handlers)
[GIN-debug] PUT    /operation-types/:id      --> github.com/gin-gonic/gin.CustomRecoveryWithWriter.func1 (2 handlers)
[GIN-debug] DELETE /operation-types/:id      --> github.com/gin-gonic/gin.CustomRecoveryWithWriter.func1 (2 handlers)
[GIN-debug] GET    /operation-categories     --> github.com/gin-gonic/gin.CustomRecoveryWithWriter.func1 (2 handlers)
[GIN-debug] POST   /operation-categories     --> github.com/gin-gonic/gin.CustomRecoveryWithWriter.func1 (2 handlers)
[GIN-debug] GET    /operation-categories/:id --> github.com/gin-gonic/gin.CustomRecoveryWithWriter.func1 (2 handlers)
[GIN-debug] PUT    /operation-categories/:id --> github.com/gin-gonic/gin.CustomRecoveryWithWriter.func1 (2 handlers)
[GIN-debug] DELETE /operation-categories/:id --> github.com/gin-gonic/gin.CustomRecoveryWithWriter.func1 (2 handlers)
[GIN-debug] [WARNING] You trusted all proxies, this is NOT safe. We recommend you to set a value.
Please check https://pkg.go.dev/github.com/gin-gonic/gin#readme-don-t-trust-all-proxies for details.
[GIN-debug] Listening and serving HTTP on :8181
[GIN] 2024/08/21 - 16:30:24 | 200 |    5.012709ms |             ::1 | GET      "/operations"
[GIN-debug] [WARNING] Creating an Engine instance with the Logger and Recovery middleware already attached.

[GIN-debug] [WARNING] Running in "debug" mode. Switch to "release" mode in production.
 - using env:	export GIN_MODE=release
 - using code:	gin.SetMode(gin.ReleaseMode)

[GIN-debug] GET    /ping                     --> coinkeeper/pkg/controllers.PingPong (3 handlers)
[GIN-debug] POST   /auth/sign-up             --> coinkeeper/pkg/controllers.SignUp (3 handlers)
[GIN-debug] POST   /auth/sign-in             --> coinkeeper/pkg/controllers.SignIn (3 handlers)
[GIN-debug] GET    /users                    --> coinkeeper/pkg/controllers.GetAllUsers (3 handlers)
[GIN-debug] GET    /users/:id                --> coinkeeper/pkg/controllers.GetUserByID (3 handlers)
[GIN-debug] POST   /users                    --> coinkeeper/pkg/controllers.CreateUser (3 handlers)
[GIN-debug] PUT    /users/:id                --> coinkeeper/pkg/controllers.UpdateUser (3 handlers)
[GIN-debug] DELETE /users/:id                --> github.com/gin-gonic/gin.CustomRecoveryWithWriter.func1 (2 handlers)
[GIN-debug] PATCH  /users/:id                --> github.com/gin-gonic/gin.CustomRecoveryWithWriter.func1 (2 handlers)
[GIN-debug] GET    /operations               --> coinkeeper/pkg/controllers.GetAllOperations (4 handlers)
[GIN-debug] POST   /operations               --> coinkeeper/pkg/controllers.GetOperationByID (4 handlers)
[GIN-debug] GET    /operations/:id           --> coinkeeper/pkg/controllers.checkUserAuthentication (3 handlers)
[GIN-debug] PUT    /operations/:id           --> coinkeeper/pkg/controllers.checkUserAuthentication (3 handlers)
[GIN-debug] DELETE /operations/:id           --> coinkeeper/pkg/controllers.checkUserAuthentication (3 handlers)
[GIN-debug] GET    /operation-types          --> github.com/gin-gonic/gin.CustomRecoveryWithWriter.func1 (2 handlers)
[GIN-debug] POST   /operation-types          --> github.com/gin-gonic/gin.CustomRecoveryWithWriter.func1 (2 handlers)
[GIN-debug] GET    /operation-types/:id      --> github.com/gin-gonic/gin.CustomRecoveryWithWriter.func1 (2 handlers)
[GIN-debug] PUT    /operation-types/:id      --> github.com/gin-gonic/gin.CustomRecoveryWithWriter.func1 (2 handlers)
[GIN-debug] DELETE /operation-types/:id      --> github.com/gin-gonic/gin.CustomRecoveryWithWriter.func1 (2 handlers)
[GIN-debug] GET    /operation-categories     --> github.com/gin-gonic/gin.CustomRecoveryWithWriter.func1 (2 handlers)
[GIN-debug] POST   /operation-categories     --> github.com/gin-gonic/gin.CustomRecoveryWithWriter.func1 (2 handlers)
[GIN-debug] GET    /operation-categories/:id --> github.com/gin-gonic/gin.CustomRecoveryWithWriter.func1 (2 handlers)
[GIN-debug] PUT    /operation-categories/:id --> github.com/gin-gonic/gin.CustomRecoveryWithWriter.func1 (2 handlers)
[GIN-debug] DELETE /operation-categories/:id --> github.com/gin-gonic/gin.CustomRecoveryWithWriter.func1 (2 handlers)
[GIN-debug] [WARNING] You trusted all proxies, this is NOT safe. We recommend you to set a value.
Please check https://pkg.go.dev/github.com/gin-gonic/gin#readme-don-t-trust-all-proxies for details.
[GIN-debug] Listening and serving HTTP on :8181
[GIN] 2024/08/21 - 16:34:34 | 404 |         917ns |             ::1 | GET      "/operations/1/details"
[GIN-debug] [WARNING] Headers were already written. Wanted to override status code 401 with 500
[GIN] 2024/08/21 - 16:34:49 | 401 |    9.046666ms |             ::1 | GET      "/operations/1"
[GIN] 2024/08/21 - 16:35:13 | 200 |       349.5µs |             ::1 | GET      "/operations/1"
[GIN-debug] [WARNING] Creating an Engine instance with the Logger and Recovery middleware already attached.

[GIN-debug] [WARNING] Running in "debug" mode. Switch to "release" mode in production.
 - using env:	export GIN_MODE=release
 - using code:	gin.SetMode(gin.ReleaseMode)

[GIN-debug] GET    /ping                     --> coinkeeper/pkg/controllers.PingPong (3 handlers)
[GIN-debug] POST   /auth/sign-up             --> coinkeeper/pkg/controllers.SignUp (3 handlers)
[GIN-debug] POST   /auth/sign-in             --> coinkeeper/pkg/controllers.SignIn (3 handlers)
[GIN-debug] GET    /users                    --> coinkeeper/pkg/controllers.GetAllUsers (3 handlers)
[GIN-debug] GET    /users/:id                --> coinkeeper/pkg/controllers.GetUserByID (3 handlers)
[GIN-debug] POST   /users                    --> coinkeeper/pkg/controllers.CreateUser (3 handlers)
[GIN-debug] PUT    /users/:id                --> coinkeeper/pkg/controllers.UpdateUser (3 handlers)
[GIN-debug] DELETE /users/:id                --> github.com/gin-gonic/gin.CustomRecoveryWithWriter.func1 (2 handlers)
[GIN-debug] PATCH  /users/:id                --> github.com/gin-gonic/gin.CustomRecoveryWithWriter.func1 (2 handlers)
[GIN-debug] GET    /operations               --> coinkeeper/pkg/controllers.GetAllOperations (4 handlers)
[GIN-debug] POST   /operations               --> coinkeeper/pkg/controllers.checkUserAuthentication (3 handlers)
[GIN-debug] GET    /operations/:id           --> coinkeeper/pkg/controllers.GetOperationByID (4 handlers)
[GIN-debug] PUT    /operations/:id           --> coinkeeper/pkg/controllers.checkUserAuthentication (3 handlers)
[GIN-debug] DELETE /operations/:id           --> coinkeeper/pkg/controllers.checkUserAuthentication (3 handlers)
[GIN-debug] GET    /operation-types          --> github.com/gin-gonic/gin.CustomRecoveryWithWriter.func1 (2 handlers)
[GIN-debug] POST   /operation-types          --> github.com/gin-gonic/gin.CustomRecoveryWithWriter.func1 (2 handlers)
[GIN-debug] GET    /operation-types/:id      --> github.com/gin-gonic/gin.CustomRecoveryWithWriter.func1 (2 handlers)
[GIN-debug] PUT    /operation-types/:id      --> github.com/gin-gonic/gin.CustomRecoveryWithWriter.func1 (2 handlers)
[GIN-debug] DELETE /operation-types/:id      --> github.com/gin-gonic/gin.CustomRecoveryWithWriter.func1 (2 handlers)
[GIN-debug] GET    /operation-categories     --> github.com/gin-gonic/gin.CustomRecoveryWithWriter.func1 (2 handlers)
[GIN-debug] POST   /operation-categories     --> github.com/gin-gonic/gin.CustomRecoveryWithWriter.func1 (2 handlers)
[GIN-debug] GET    /operation-categories/:id --> github.com/gin-gonic/gin.CustomRecoveryWithWriter.func1 (2 handlers)
[GIN-debug] PUT    /operation-categories/:id --> github.com/gin-gonic/gin.CustomRecoveryWithWriter.func1 (2 handlers)
[GIN-debug] DELETE /operation-categories/:id --> github.com/gin-gonic/gin.CustomRecoveryWithWriter.func1 (2 handlers)
[GIN-debug] [WARNING] You trusted all proxies, this is NOT safe. We recommend you to set a value.
Please check https://pkg.go.dev/github.com/gin-gonic/gin#readme-don-t-trust-all-proxies for details.
[GIN-debug] Listening and serving HTTP on :8181
[GIN] 2024/08/21 - 16:36:05 | 200 |       4.477ms |             ::1 | GET      "/operations/1"
[GIN] 2024/08/21 - 18:20:35 | 401 |    5.019291ms |             ::1 | GET      "/operations"
[GIN] 2024/08/21 - 18:20:41 | 200 |   48.771792ms |             ::1 | POST     "/auth/sign-in"
[GIN] 2024/08/21 - 18:21:09 | 200 |   17.824125ms |             ::1 | GET      "/operations"
[GIN-debug] [WARNING] Creating an Engine instance with the Logger and Recovery middleware already attached.

[GIN-debug] [WARNING] Running in "debug" mode. Switch to "release" mode in production.
 - using env:	export GIN_MODE=release
 - using code:	gin.SetMode(gin.ReleaseMode)

[GIN-debug] GET    /ping                     --> coinkeeper/pkg/controllers.PingPong (3 handlers)
[GIN-debug] POST   /auth/sign-up             --> coinkeeper/pkg/controllers.SignUp (3 handlers)
[GIN-debug] POST   /auth/sign-in             --> coinkeeper/pkg/controllers.SignIn (3 handlers)
[GIN-debug] GET    /users                    --> coinkeeper/pkg/controllers.GetAllUsers (3 handlers)
[GIN-debug] GET    /users/:id                --> coinkeeper/pkg/controllers.GetUserByID (3 handlers)
[GIN-debug] POST   /users                    --> coinkeeper/pkg/controllers.CreateUser (3 handlers)
[GIN-debug] PUT    /users/:id                --> coinkeeper/pkg/controllers.UpdateUser (3 handlers)
[GIN-debug] DELETE /users/:id                --> github.com/gin-gonic/gin.CustomRecoveryWithWriter.func1 (2 handlers)
[GIN-debug] PATCH  /users/:id                --> github.com/gin-gonic/gin.CustomRecoveryWithWriter.func1 (2 handlers)
[GIN-debug] GET    /operations               --> coinkeeper/pkg/controllers.GetAllOperations (4 handlers)
[GIN-debug] POST   /operations               --> coinkeeper/pkg/controllers.checkUserAuthentication (3 handlers)
[GIN-debug] GET    /operations/:id           --> coinkeeper/pkg/controllers.GetOperationByID (4 handlers)
[GIN-debug] PUT    /operations/:id           --> coinkeeper/pkg/controllers.checkUserAuthentication (3 handlers)
[GIN-debug] DELETE /operations/:id           --> coinkeeper/pkg/controllers.checkUserAuthentication (3 handlers)
[GIN-debug] GET    /operation-types          --> github.com/gin-gonic/gin.CustomRecoveryWithWriter.func1 (2 handlers)
[GIN-debug] POST   /operation-types          --> github.com/gin-gonic/gin.CustomRecoveryWithWriter.func1 (2 handlers)
[GIN-debug] GET    /operation-types/:id      --> github.com/gin-gonic/gin.CustomRecoveryWithWriter.func1 (2 handlers)
[GIN-debug] PUT    /operation-types/:id      --> github.com/gin-gonic/gin.CustomRecoveryWithWriter.func1 (2 handlers)
[GIN-debug] DELETE /operation-types/:id      --> github.com/gin-gonic/gin.CustomRecoveryWithWriter.func1 (2 handlers)
[GIN-debug] GET    /operation-categories     --> github.com/gin-gonic/gin.CustomRecoveryWithWriter.func1 (2 handlers)
[GIN-debug] POST   /operation-categories     --> github.com/gin-gonic/gin.CustomRecoveryWithWriter.func1 (2 handlers)
[GIN-debug] GET    /operation-categories/:id --> github.com/gin-gonic/gin.CustomRecoveryWithWriter.func1 (2 handlers)
[GIN-debug] PUT    /operation-categories/:id --> github.com/gin-gonic/gin.CustomRecoveryWithWriter.func1 (2 handlers)
[GIN-debug] DELETE /operation-categories/:id --> github.com/gin-gonic/gin.CustomRecoveryWithWriter.func1 (2 handlers)
[GIN-debug] [WARNING] You trusted all proxies, this is NOT safe. We recommend you to set a value.
Please check https://pkg.go.dev/github.com/gin-gonic/gin#readme-don-t-trust-all-proxies for details.
[GIN-debug] Listening and serving HTTP on :8181
[GIN] 2024/08/21 - 18:27:44 | 201 |   23.819917ms |             ::1 | POST     "/auth/sign-up"
[GIN] 2024/08/21 - 18:28:01 | 200 |    1.255917ms |             ::1 | POST     "/auth/sign-in"
[GIN] 2024/08/21 - 18:28:17 | 200 |   20.891541ms |             ::1 | GET      "/operations"
[GIN] 2024/08/21 - 18:28:34 | 200 |   20.573916ms |             ::1 | GET      "/operations"
[GIN] 2024/08/21 - 18:28:45 | 200 |     792.625µs |             ::1 | POST     "/auth/sign-in"
[GIN] 2024/08/21 - 18:28:53 | 200 |    3.570167ms |             ::1 | GET      "/operations"
[GIN] 2024/08/21 - 18:49:56 | 201 |   28.082375ms |             ::1 | POST     "/auth/sign-up"
[GIN] 2024/08/21 - 18:52:48 | 200 |    4.419792ms |             ::1 | POST     "/auth/sign-in"
[GIN] 2024/08/21 - 19:07:50 | 401 |      1.3675ms |             ::1 | GET      "/operations"
[GIN] 2024/08/21 - 19:07:55 | 401 |      15.667µs |             ::1 | GET      "/operations"
[GIN] 2024/08/21 - 19:13:22 | 401 |      3.9975ms |             ::1 | GET      "/operations"
[GIN-debug] [WARNING] Creating an Engine instance with the Logger and Recovery middleware already attached.

[GIN-debug] [WARNING] Running in "debug" mode. Switch to "release" mode in production.
 - using env:	export GIN_MODE=release
 - using code:	gin.SetMode(gin.ReleaseMode)

[GIN-debug] GET    /ping                     --> coinkeeper/pkg/controllers.PingPong (3 handlers)
[GIN-debug] POST   /auth/sign-up             --> coinkeeper/pkg/controllers.SignUp (3 handlers)
[GIN-debug] POST   /auth/sign-in             --> coinkeeper/pkg/controllers.SignIn (3 handlers)
[GIN-debug] GET    /users                    --> coinkeeper/pkg/controllers.GetAllUsers (3 handlers)
[GIN-debug] GET    /users/:id                --> coinkeeper/pkg/controllers.GetUserByID (3 handlers)
[GIN-debug] POST   /users                    --> coinkeeper/pkg/controllers.CreateUser (3 handlers)
[GIN-debug] PUT    /users/:id                --> coinkeeper/pkg/controllers.UpdateUser (3 handlers)
[GIN-debug] DELETE /users/:id                --> github.com/gin-gonic/gin.CustomRecoveryWithWriter.func1 (2 handlers)
[GIN-debug] PATCH  /users/:id                --> github.com/gin-gonic/gin.CustomRecoveryWithWriter.func1 (2 handlers)
[GIN-debug] GET    /operations               --> coinkeeper/pkg/controllers.GetAllOperations (4 handlers)
[GIN-debug] POST   /operations               --> coinkeeper/pkg/controllers.checkUserAuthentication (3 handlers)
[GIN-debug] GET    /operations/:id           --> coinkeeper/pkg/controllers.GetOperationByID (4 handlers)
[GIN-debug] PUT    /operations/:id           --> coinkeeper/pkg/controllers.checkUserAuthentication (3 handlers)
[GIN-debug] DELETE /operations/:id           --> coinkeeper/pkg/controllers.checkUserAuthentication (3 handlers)
[GIN-debug] GET    /operation-types          --> github.com/gin-gonic/gin.CustomRecoveryWithWriter.func1 (2 handlers)
[GIN-debug] POST   /operation-types          --> github.com/gin-gonic/gin.CustomRecoveryWithWriter.func1 (2 handlers)
[GIN-debug] GET    /operation-types/:id      --> github.com/gin-gonic/gin.CustomRecoveryWithWriter.func1 (2 handlers)
[GIN-debug] PUT    /operation-types/:id      --> github.com/gin-gonic/gin.CustomRecoveryWithWriter.func1 (2 handlers)
[GIN-debug] DELETE /operation-types/:id      --> github.com/gin-gonic/gin.CustomRecoveryWithWriter.func1 (2 handlers)
[GIN-debug] GET    /operation-categories     --> github.com/gin-gonic/gin.CustomRecoveryWithWriter.func1 (2 handlers)
[GIN-debug] POST   /operation-categories     --> github.com/gin-gonic/gin.CustomRecoveryWithWriter.func1 (2 handlers)
[GIN-debug] GET    /operation-categories/:id --> github.com/gin-gonic/gin.CustomRecoveryWithWriter.func1 (2 handlers)
[GIN-debug] PUT    /operation-categories/:id --> github.com/gin-gonic/gin.CustomRecoveryWithWriter.func1 (2 handlers)
[GIN-debug] DELETE /operation-categories/:id --> github.com/gin-gonic/gin.CustomRecoveryWithWriter.func1 (2 handlers)
[GIN-debug] [WARNING] You trusted all proxies, this is NOT safe. We recommend you to set a value.
Please check https://pkg.go.dev/github.com/gin-gonic/gin#readme-don-t-trust-all-proxies for details.
[GIN-debug] Listening and serving HTTP on :8181
[GIN] 2024/08/21 - 19:13:38 | 401 |      169.75µs |             ::1 | GET      "/operations"
[GIN] 2024/08/21 - 19:13:54 | 401 |      23.208µs |             ::1 | GET      "/operations"
[GIN] 2024/08/21 - 19:14:19 | 401 |         167µs |             ::1 | GET      "/operations"
[GIN] 2024/08/21 - 19:19:45 | 401 |     884.291µs |             ::1 | GET      "/operations"
[GIN] 2024/08/21 - 19:20:06 | 401 |     665.917µs |             ::1 | GET      "/operations"
[GIN] 2024/08/21 - 19:20:31 | 200 |   72.685708ms |             ::1 | GET      "/operations"
[GIN] 2024/08/21 - 19:20:55 | 401 |     228.166µs |             ::1 | GET      "/operations"
[GIN] 2024/08/21 - 19:21:20 | 401 |      190.25µs |             ::1 | GET      "/operations"
[GIN] 2024/08/21 - 19:21:36 | 200 |     4.75075ms |             ::1 | GET      "/operations"
